<?xml version="1.0" encoding="UTF-8"?>
<testng-results ignored="0" total="2" passed="2" failed="0" skipped="0">
  <reporter-output>
  </reporter-output>
  <suite started-at="2022-05-26T14:33:40 ICT" name="UsersTest" finished-at="2022-05-26T14:33:46 ICT" duration-ms="5988">
    <groups>
    </groups>
    <test started-at="2022-05-26T14:33:40 ICT" name="Users Test" finished-at="2022-05-26T14:33:46 ICT" duration-ms="5988">
      <class name="users.SingleUserTest">
        <test-method signature="first(org.testng.ITestContext)[pri:0, instance:users.SingleUserTest@72a7c7e0]" started-at="2022-05-26T14:33:45 ICT" name="first" finished-at="2022-05-26T14:33:46 ICT" duration-ms="790" status="PASS">
          <params>
            <param index="0">
              <value>
                <![CDATA[org.testng.TestRunner@79351f41]]>
              </value>
            </param>
          </params>
          <reporter-output>
          </reporter-output>
        </test-method> <!-- first -->
        <test-method is-config="true" signature="setup()[pri:0, instance:users.SingleUserTest@72a7c7e0]" started-at="2022-05-26T14:33:45 ICT" name="setup" finished-at="2022-05-26T14:33:45 ICT" duration-ms="0" status="PASS">
          <reporter-output>
          </reporter-output>
        </test-method> <!-- setup -->
      </class> <!-- users.SingleUserTest -->
      <class name="users.ListUserTest">
        <test-method is-config="true" signature="setup()[pri:0, instance:users.ListUserTest@61230f6a]" started-at="2022-05-26T14:33:40 ICT" name="setup" finished-at="2022-05-26T14:33:40 ICT" duration-ms="618" status="PASS">
          <reporter-output>
          </reporter-output>
        </test-method> <!-- setup -->
        <test-method signature="first(org.testng.ITestContext)[pri:0, instance:users.ListUserTest@61230f6a]" started-at="2022-05-26T14:33:40 ICT" name="first" finished-at="2022-05-26T14:33:45 ICT" duration-ms="4510" status="PASS">
          <params>
            <param index="0">
              <value>
                <![CDATA[org.testng.TestRunner@79351f41]]>
              </value>
            </param>
          </params>
          <reporter-output>
          </reporter-output>
        </test-method> <!-- first -->
      </class> <!-- users.ListUserTest -->
    </test> <!-- Users Test -->
  </suite> <!-- UsersTest -->
</testng-results>
